tracing started
fatal msg
fatal msg
fatal msg
fatal msg
fatal msg
tracing ended
<!DOCTYPE HTML PUBLIC "-//W3C//DTD HTML 4.01 Transitional//EN" "http://www.w3.org/TR/html4/loose.dtd">
<html>
<head>
<title>Log4J Log Messages</title>
<style type="text/css">
<!--
body, table {font-family: arial,sans-serif; font-size: x-small;}
th {background: #336699; color: #FFFFFF; text-align: left;}
-->
</style>
</head>
<body bgcolor="#FFFFFF" topmargin="6" leftmargin="6">
<hr size="1" noshade>
Log session start time Wed Apr 14 18:50:28 IST 2021<br>
<br>
<table cellspacing="0" cellpadding="4" border="1" bordercolor="#224466" width="100%">
<tr>
<th>Time</th>
<th>Thread</th>
<th>Level</th>
<th>Category</th>
<th>Message</th>
</tr>

<tr>
<td>0</td>
<td title="main thread">main</td>
<td title="Level">TRACE</td>
<td title="com.tyss.log4J.App category">com.tyss.log4J.App</td>
<td title="Message">tracing started</td>
</tr>

<tr>
<td>10</td>
<td title="main thread">main</td>
<td title="Level"><font color="#993300"><strong>FATAL</strong></font></td>
<td title="com.tyss.log4J.App category">com.tyss.log4J.App</td>
<td title="Message">fatal msg</td>
</tr>

<tr>
<td>10</td>
<td title="main thread">main</td>
<td title="Level"><font color="#993300"><strong>WARN</strong></font></td>
<td title="com.tyss.log4J.App category">com.tyss.log4J.App</td>
<td title="Message">fatal msg</td>
</tr>

<tr>
<td>10</td>
<td title="main thread">main</td>
<td title="Level">INFO</td>
<td title="com.tyss.log4J.App category">com.tyss.log4J.App</td>
<td title="Message">fatal msg</td>
</tr>

<tr>
<td>10</td>
<td title="main thread">main</td>
<td title="Level"><font color="#339933">DEBUG</font></td>
<td title="com.tyss.log4J.App category">com.tyss.log4J.App</td>
<td title="Message">fatal msg</td>
</tr>

<tr>
<td>10</td>
<td title="main thread">main</td>
<td title="Level"><font color="#993300"><strong>ERROR</strong></font></td>
<td title="com.tyss.log4J.App category">com.tyss.log4J.App</td>
<td title="Message">fatal msg</td>
</tr>

<tr>
<td>10</td>
<td title="main thread">main</td>
<td title="Level">TRACE</td>
<td title="com.tyss.log4J.App category">com.tyss.log4J.App</td>
<td title="Message">tracing ended</td>
</tr>
